2024-11-02 08:52:28,783 - INFO - Added new event for YouTube: time_limit
2024-11-02 08:52:28,784 - INFO - Added new event for Steam: resource_monitor
2024-11-02 08:52:28,784 - INFO - Added new event for Discord: app_combination
2024-11-02 08:52:28,784 - INFO - Added new event for any: schedule
2024-11-02 08:52:28,786 - ERROR - Error in monitor loop: 'AppAutomation' object has no attribute 'handle_app_opened'
2024-11-02 08:52:29,800 - ERROR - Error in monitor loop: 'AppAutomation' object has no attribute 'handle_app_opened'
2024-11-02 08:52:30,815 - ERROR - Error in monitor loop: 'AppAutomation' object has no attribute 'handle_app_opened'
2024-11-02 08:52:31,824 - ERROR - Error in monitor loop: 'AppAutomation' object has no attribute 'handle_app_opened'
2024-11-02 08:52:32,841 - ERROR - Error in monitor loop: 'AppAutomation' object has no attribute 'handle_app_opened'
2024-11-02 08:52:33,851 - ERROR - Error in monitor loop: 'AppAutomation' object has no attribute 'handle_app_opened'
2024-11-02 08:52:34,866 - ERROR - Error in monitor loop: 'AppAutomation' object has no attribute 'handle_app_opened'
2024-11-02 08:52:35,879 - ERROR - Error in monitor loop: 'AppAutomation' object has no attribute 'handle_app_opened'
2024-11-02 08:52:36,887 - ERROR - Error in monitor loop: 'AppAutomation' object has no attribute 'handle_app_opened'
2024-11-02 08:52:37,895 - ERROR - Error in monitor loop: 'AppAutomation' object has no attribute 'handle_app_opened'
2024-11-02 08:52:38,903 - ERROR - Error in monitor loop: 'AppAutomation' object has no attribute 'handle_app_opened'
2024-11-02 08:52:39,915 - ERROR - Error in monitor loop: 'AppAutomation' object has no attribute 'handle_app_opened'
2024-11-02 08:52:40,921 - ERROR - Error in monitor loop: 'AppAutomation' object has no attribute 'handle_app_opened'
2024-11-02 08:52:41,937 - ERROR - Error in monitor loop: 'AppAutomation' object has no attribute 'handle_app_opened'
2024-11-02 08:52:42,945 - ERROR - Error in monitor loop: 'AppAutomation' object has no attribute 'handle_app_opened'
2024-11-02 08:52:43,951 - ERROR - Error in monitor loop: 'AppAutomation' object has no attribute 'handle_app_opened'
2024-11-02 08:52:44,968 - ERROR - Error in monitor loop: 'AppAutomation' object has no attribute 'handle_app_opened'
2024-11-02 08:52:45,976 - ERROR - Error in monitor loop: 'AppAutomation' object has no attribute 'handle_app_opened'
2024-11-02 08:52:46,994 - ERROR - Error in monitor loop: 'AppAutomation' object has no attribute 'handle_app_opened'
2024-11-02 08:52:48,008 - ERROR - Error in monitor loop: 'AppAutomation' object has no attribute 'handle_app_opened'
2024-11-02 08:52:49,016 - ERROR - Error in monitor loop: 'AppAutomation' object has no attribute 'handle_app_opened'
2024-11-02 08:52:50,028 - ERROR - Error in monitor loop: 'AppAutomation' object has no attribute 'handle_app_opened'
2024-11-02 08:52:51,036 - ERROR - Error in monitor loop: 'AppAutomation' object has no attribute 'handle_app_opened'
2024-11-02 08:52:52,043 - ERROR - Error in monitor loop: 'AppAutomation' object has no attribute 'handle_app_opened'
2024-11-02 08:52:53,051 - ERROR - Error in monitor loop: 'AppAutomation' object has no attribute 'handle_app_opened'
2024-11-02 08:52:54,062 - ERROR - Error in monitor loop: 'AppAutomation' object has no attribute 'handle_app_opened'
2024-11-02 08:52:55,072 - ERROR - Error in monitor loop: 'AppAutomation' object has no attribute 'handle_app_opened'
2024-11-02 08:52:56,082 - ERROR - Error in monitor loop: 'AppAutomation' object has no attribute 'handle_app_opened'
2024-11-02 08:52:57,097 - ERROR - Error in monitor loop: 'AppAutomation' object has no attribute 'handle_app_opened'
2024-11-02 08:52:58,106 - ERROR - Error in monitor loop: 'AppAutomation' object has no attribute 'handle_app_opened'
2024-11-02 08:52:59,122 - ERROR - Error in monitor loop: 'AppAutomation' object has no attribute 'handle_app_opened'
2024-11-02 08:53:00,131 - ERROR - Error in monitor loop: 'AppAutomation' object has no attribute 'handle_app_opened'
2024-11-02 08:53:01,140 - ERROR - Error in monitor loop: 'AppAutomation' object has no attribute 'handle_app_opened'
2024-11-02 08:53:02,150 - ERROR - Error in monitor loop: 'AppAutomation' object has no attribute 'handle_app_opened'
2024-11-02 08:53:03,159 - ERROR - Error in monitor loop: 'AppAutomation' object has no attribute 'handle_app_opened'
2024-11-02 08:53:04,182 - ERROR - Error in monitor loop: 'AppAutomation' object has no attribute 'handle_app_opened'
2024-11-02 08:53:05,196 - ERROR - Error in monitor loop: 'AppAutomation' object has no attribute 'handle_app_opened'
2024-11-02 08:53:06,201 - ERROR - Error in monitor loop: 'AppAutomation' object has no attribute 'handle_app_opened'
2024-11-02 08:53:07,211 - ERROR - Error in monitor loop: 'AppAutomation' object has no attribute 'handle_app_opened'
2024-11-02 08:53:08,216 - ERROR - Error in monitor loop: 'AppAutomation' object has no attribute 'handle_app_opened'
2024-11-02 08:53:09,236 - ERROR - Error in monitor loop: 'AppAutomation' object has no attribute 'handle_app_opened'
2024-11-02 08:53:10,245 - ERROR - Error in monitor loop: 'AppAutomation' object has no attribute 'handle_app_opened'
2024-11-02 08:53:11,251 - ERROR - Error in monitor loop: 'AppAutomation' object has no attribute 'handle_app_opened'
2024-11-02 08:53:12,265 - ERROR - Error in monitor loop: 'AppAutomation' object has no attribute 'handle_app_opened'
2024-11-02 08:53:13,275 - ERROR - Error in monitor loop: 'AppAutomation' object has no attribute 'handle_app_opened'
2024-11-02 08:53:14,282 - ERROR - Error in monitor loop: 'AppAutomation' object has no attribute 'handle_app_opened'
2024-11-02 08:53:15,295 - ERROR - Error in monitor loop: 'AppAutomation' object has no attribute 'handle_app_opened'
2024-11-02 08:53:16,306 - ERROR - Error in monitor loop: 'AppAutomation' object has no attribute 'handle_app_opened'
2024-11-02 08:53:17,322 - ERROR - Error in monitor loop: 'AppAutomation' object has no attribute 'handle_app_opened'
2024-11-02 08:53:18,337 - ERROR - Error in monitor loop: 'AppAutomation' object has no attribute 'handle_app_opened'
2024-11-02 08:53:19,348 - ERROR - Error in monitor loop: 'AppAutomation' object has no attribute 'handle_app_opened'
2024-11-02 08:53:20,356 - ERROR - Error in monitor loop: 'AppAutomation' object has no attribute 'handle_app_opened'
2024-11-02 08:53:21,366 - ERROR - Error in monitor loop: 'AppAutomation' object has no attribute 'handle_app_opened'
2024-11-02 08:53:22,403 - ERROR - Error in monitor loop: 'AppAutomation' object has no attribute 'handle_app_opened'
2024-11-02 08:53:23,426 - ERROR - Error in monitor loop: 'AppAutomation' object has no attribute 'handle_app_opened'
2024-11-02 08:53:24,437 - ERROR - Error in monitor loop: 'AppAutomation' object has no attribute 'handle_app_opened'
2024-11-02 08:53:25,453 - ERROR - Error in monitor loop: 'AppAutomation' object has no attribute 'handle_app_opened'
2024-11-02 08:53:26,474 - ERROR - Error in monitor loop: 'AppAutomation' object has no attribute 'handle_app_opened'
2024-11-02 08:53:27,486 - ERROR - Error in monitor loop: 'AppAutomation' object has no attribute 'handle_app_opened'
2024-11-02 08:53:28,501 - ERROR - Error in monitor loop: 'AppAutomation' object has no attribute 'handle_app_opened'
2024-11-02 08:53:29,520 - ERROR - Error in monitor loop: 'AppAutomation' object has no attribute 'handle_app_opened'
2024-11-02 08:53:30,526 - ERROR - Error in monitor loop: 'AppAutomation' object has no attribute 'handle_app_opened'
2024-11-02 08:53:31,539 - ERROR - Error in monitor loop: 'AppAutomation' object has no attribute 'handle_app_opened'
2024-11-02 08:53:32,542 - ERROR - Error in monitor loop: 'AppAutomation' object has no attribute 'handle_app_opened'
2024-11-02 08:53:33,551 - ERROR - Error in monitor loop: 'AppAutomation' object has no attribute 'handle_app_opened'
2024-11-02 08:53:34,562 - ERROR - Error in monitor loop: 'AppAutomation' object has no attribute 'handle_app_opened'
2024-11-02 08:53:35,570 - ERROR - Error in monitor loop: 'AppAutomation' object has no attribute 'handle_app_opened'
2024-11-02 08:53:36,579 - ERROR - Error in monitor loop: 'AppAutomation' object has no attribute 'handle_app_opened'
2024-11-02 08:53:37,591 - ERROR - Error in monitor loop: 'AppAutomation' object has no attribute 'handle_app_opened'
2024-11-02 08:53:38,604 - ERROR - Error in monitor loop: 'AppAutomation' object has no attribute 'handle_app_opened'
2024-11-02 08:53:39,616 - ERROR - Error in monitor loop: 'AppAutomation' object has no attribute 'handle_app_opened'
2024-11-02 08:53:40,627 - ERROR - Error in monitor loop: 'AppAutomation' object has no attribute 'handle_app_opened'
2024-11-02 08:53:41,646 - ERROR - Error in monitor loop: 'AppAutomation' object has no attribute 'handle_app_opened'
2024-11-02 08:53:42,659 - ERROR - Error in monitor loop: 'AppAutomation' object has no attribute 'handle_app_opened'
2024-11-02 08:53:43,675 - ERROR - Error in monitor loop: 'AppAutomation' object has no attribute 'handle_app_opened'
2024-11-02 08:53:44,687 - ERROR - Error in monitor loop: 'AppAutomation' object has no attribute 'handle_app_opened'
2024-11-02 08:53:45,698 - ERROR - Error in monitor loop: 'AppAutomation' object has no attribute 'handle_app_opened'
2024-11-02 08:53:46,710 - ERROR - Error in monitor loop: 'AppAutomation' object has no attribute 'handle_app_opened'
2024-11-02 08:53:47,713 - ERROR - Error in monitor loop: 'AppAutomation' object has no attribute 'handle_app_opened'
2024-11-02 08:53:48,715 - ERROR - Error in monitor loop: 'AppAutomation' object has no attribute 'handle_app_opened'
2024-11-02 08:53:49,728 - ERROR - Error in monitor loop: 'AppAutomation' object has no attribute 'handle_app_opened'
2024-11-02 08:53:50,742 - ERROR - Error in monitor loop: 'AppAutomation' object has no attribute 'handle_app_opened'
2024-11-02 08:53:51,758 - ERROR - Error in monitor loop: 'AppAutomation' object has no attribute 'handle_app_opened'
2024-11-02 08:53:52,801 - ERROR - Error in monitor loop: 'AppAutomation' object has no attribute 'handle_app_opened'
2024-11-02 08:53:53,815 - ERROR - Error in monitor loop: 'AppAutomation' object has no attribute 'handle_app_opened'
2024-11-02 08:53:54,824 - ERROR - Error in monitor loop: 'AppAutomation' object has no attribute 'handle_app_opened'
2024-11-02 08:53:55,835 - ERROR - Error in monitor loop: 'AppAutomation' object has no attribute 'handle_app_opened'
2024-11-02 08:53:56,840 - ERROR - Error in monitor loop: 'AppAutomation' object has no attribute 'handle_app_opened'
2024-11-02 08:53:57,844 - ERROR - Error in monitor loop: 'AppAutomation' object has no attribute 'handle_app_opened'
2024-11-02 08:53:58,864 - ERROR - Error in monitor loop: 'AppAutomation' object has no attribute 'handle_app_opened'
2024-11-02 08:53:59,873 - ERROR - Error in monitor loop: 'AppAutomation' object has no attribute 'handle_app_opened'
2024-11-02 08:54:00,889 - ERROR - Error in monitor loop: 'AppAutomation' object has no attribute 'handle_app_opened'
2024-11-02 08:54:01,895 - ERROR - Error in monitor loop: 'AppAutomation' object has no attribute 'handle_app_opened'
2024-11-02 08:54:02,906 - ERROR - Error in monitor loop: 'AppAutomation' object has no attribute 'handle_app_opened'
2024-11-02 08:54:03,920 - ERROR - Error in monitor loop: 'AppAutomation' object has no attribute 'handle_app_opened'
2024-11-02 08:54:04,935 - ERROR - Error in monitor loop: 'AppAutomation' object has no attribute 'handle_app_opened'
2024-11-02 08:54:05,950 - ERROR - Error in monitor loop: 'AppAutomation' object has no attribute 'handle_app_opened'
2024-11-02 08:54:06,962 - ERROR - Error in monitor loop: 'AppAutomation' object has no attribute 'handle_app_opened'
2024-11-02 08:54:07,979 - ERROR - Error in monitor loop: 'AppAutomation' object has no attribute 'handle_app_opened'
2024-11-02 08:54:08,993 - ERROR - Error in monitor loop: 'AppAutomation' object has no attribute 'handle_app_opened'
2024-11-02 08:54:10,010 - ERROR - Error in monitor loop: 'AppAutomation' object has no attribute 'handle_app_opened'
2024-11-02 08:54:11,023 - ERROR - Error in monitor loop: 'AppAutomation' object has no attribute 'handle_app_opened'
2024-11-02 08:54:12,031 - ERROR - Error in monitor loop: 'AppAutomation' object has no attribute 'handle_app_opened'
2024-11-02 08:54:13,043 - ERROR - Error in monitor loop: 'AppAutomation' object has no attribute 'handle_app_opened'
2024-11-02 08:54:14,048 - ERROR - Error in monitor loop: 'AppAutomation' object has no attribute 'handle_app_opened'
2024-11-02 08:54:15,059 - ERROR - Error in monitor loop: 'AppAutomation' object has no attribute 'handle_app_opened'
2024-11-02 08:54:16,061 - ERROR - Error in monitor loop: 'AppAutomation' object has no attribute 'handle_app_opened'
2024-11-02 08:54:17,079 - ERROR - Error in monitor loop: 'AppAutomation' object has no attribute 'handle_app_opened'
2024-11-02 08:54:18,087 - ERROR - Error in monitor loop: 'AppAutomation' object has no attribute 'handle_app_opened'
2024-11-02 08:54:19,100 - ERROR - Error in monitor loop: 'AppAutomation' object has no attribute 'handle_app_opened'
2024-11-02 08:54:20,116 - ERROR - Error in monitor loop: 'AppAutomation' object has no attribute 'handle_app_opened'
2024-11-02 08:54:21,119 - ERROR - Error in monitor loop: 'AppAutomation' object has no attribute 'handle_app_opened'
2024-11-02 08:54:22,133 - ERROR - Error in monitor loop: 'AppAutomation' object has no attribute 'handle_app_opened'
2024-11-02 08:54:23,141 - ERROR - Error in monitor loop: 'AppAutomation' object has no attribute 'handle_app_opened'
2024-11-02 08:54:24,153 - ERROR - Error in monitor loop: 'AppAutomation' object has no attribute 'handle_app_opened'
2024-11-02 08:54:25,169 - ERROR - Error in monitor loop: 'AppAutomation' object has no attribute 'handle_app_opened'
2024-11-02 08:54:26,177 - ERROR - Error in monitor loop: 'AppAutomation' object has no attribute 'handle_app_opened'
2024-11-02 08:54:27,190 - ERROR - Error in monitor loop: 'AppAutomation' object has no attribute 'handle_app_opened'
2024-11-02 08:54:28,203 - ERROR - Error in monitor loop: 'AppAutomation' object has no attribute 'handle_app_opened'
2024-11-02 08:54:29,207 - ERROR - Error in monitor loop: 'AppAutomation' object has no attribute 'handle_app_opened'
2024-11-02 08:54:30,218 - ERROR - Error in monitor loop: 'AppAutomation' object has no attribute 'handle_app_opened'
2024-11-02 08:54:31,234 - ERROR - Error in monitor loop: 'AppAutomation' object has no attribute 'handle_app_opened'
2024-11-02 08:54:32,242 - ERROR - Error in monitor loop: 'AppAutomation' object has no attribute 'handle_app_opened'
2024-11-02 08:54:33,257 - ERROR - Error in monitor loop: 'AppAutomation' object has no attribute 'handle_app_opened'
2024-11-02 08:54:34,272 - ERROR - Error in monitor loop: 'AppAutomation' object has no attribute 'handle_app_opened'
2024-11-02 08:54:35,287 - ERROR - Error in monitor loop: 'AppAutomation' object has no attribute 'handle_app_opened'
2024-11-02 08:54:36,303 - ERROR - Error in monitor loop: 'AppAutomation' object has no attribute 'handle_app_opened'
2024-11-02 08:54:37,320 - ERROR - Error in monitor loop: 'AppAutomation' object has no attribute 'handle_app_opened'
2024-11-02 08:54:38,337 - ERROR - Error in monitor loop: 'AppAutomation' object has no attribute 'handle_app_opened'
2024-11-02 08:54:39,346 - ERROR - Error in monitor loop: 'AppAutomation' object has no attribute 'handle_app_opened'
2024-11-02 08:54:40,357 - ERROR - Error in monitor loop: 'AppAutomation' object has no attribute 'handle_app_opened'
2024-11-02 08:54:41,367 - ERROR - Error in monitor loop: 'AppAutomation' object has no attribute 'handle_app_opened'
2024-11-02 08:54:42,380 - ERROR - Error in monitor loop: 'AppAutomation' object has no attribute 'handle_app_opened'
2024-11-02 08:54:43,396 - ERROR - Error in monitor loop: 'AppAutomation' object has no attribute 'handle_app_opened'
2024-11-02 08:54:44,407 - ERROR - Error in monitor loop: 'AppAutomation' object has no attribute 'handle_app_opened'
2024-11-02 08:54:45,413 - ERROR - Error in monitor loop: 'AppAutomation' object has no attribute 'handle_app_opened'
2024-11-02 08:54:46,429 - ERROR - Error in monitor loop: 'AppAutomation' object has no attribute 'handle_app_opened'
2024-11-02 08:54:47,433 - ERROR - Error in monitor loop: 'AppAutomation' object has no attribute 'handle_app_opened'
2024-11-02 08:54:48,443 - ERROR - Error in monitor loop: 'AppAutomation' object has no attribute 'handle_app_opened'
2024-11-02 08:54:49,459 - ERROR - Error in monitor loop: 'AppAutomation' object has no attribute 'handle_app_opened'
2024-11-02 08:54:50,470 - ERROR - Error in monitor loop: 'AppAutomation' object has no attribute 'handle_app_opened'
2024-11-02 08:54:51,480 - ERROR - Error in monitor loop: 'AppAutomation' object has no attribute 'handle_app_opened'
2024-11-02 08:54:52,490 - ERROR - Error in monitor loop: 'AppAutomation' object has no attribute 'handle_app_opened'
2024-11-02 08:54:53,501 - ERROR - Error in monitor loop: 'AppAutomation' object has no attribute 'handle_app_opened'
2024-11-02 08:54:54,513 - ERROR - Error in monitor loop: 'AppAutomation' object has no attribute 'handle_app_opened'
2024-11-02 08:54:55,526 - ERROR - Error in monitor loop: 'AppAutomation' object has no attribute 'handle_app_opened'
2024-11-02 08:54:56,536 - ERROR - Error in monitor loop: 'AppAutomation' object has no attribute 'handle_app_opened'
2024-11-02 08:54:57,543 - ERROR - Error in monitor loop: 'AppAutomation' object has no attribute 'handle_app_opened'
2024-11-02 08:54:58,559 - ERROR - Error in monitor loop: 'AppAutomation' object has no attribute 'handle_app_opened'
2024-11-02 08:54:59,574 - ERROR - Error in monitor loop: 'AppAutomation' object has no attribute 'handle_app_opened'
2024-11-02 08:55:00,588 - ERROR - Error in monitor loop: 'AppAutomation' object has no attribute 'handle_app_opened'
2024-11-02 08:55:01,604 - ERROR - Error in monitor loop: 'AppAutomation' object has no attribute 'handle_app_opened'
2024-11-02 08:55:02,622 - ERROR - Error in monitor loop: 'AppAutomation' object has no attribute 'handle_app_opened'
2024-11-02 08:55:03,631 - ERROR - Error in monitor loop: 'AppAutomation' object has no attribute 'handle_app_opened'
2024-11-02 08:55:04,641 - ERROR - Error in monitor loop: 'AppAutomation' object has no attribute 'handle_app_opened'
2024-11-02 08:55:05,651 - ERROR - Error in monitor loop: 'AppAutomation' object has no attribute 'handle_app_opened'
2024-11-02 08:55:06,657 - ERROR - Error in monitor loop: 'AppAutomation' object has no attribute 'handle_app_opened'
2024-11-02 08:55:07,674 - ERROR - Error in monitor loop: 'AppAutomation' object has no attribute 'handle_app_opened'
2024-11-02 08:55:08,684 - ERROR - Error in monitor loop: 'AppAutomation' object has no attribute 'handle_app_opened'
2024-11-02 08:55:09,701 - ERROR - Error in monitor loop: 'AppAutomation' object has no attribute 'handle_app_opened'
2024-11-02 08:55:10,709 - ERROR - Error in monitor loop: 'AppAutomation' object has no attribute 'handle_app_opened'
2024-11-02 08:55:11,723 - ERROR - Error in monitor loop: 'AppAutomation' object has no attribute 'handle_app_opened'
2024-11-02 08:55:12,731 - ERROR - Error in monitor loop: 'AppAutomation' object has no attribute 'handle_app_opened'
2024-11-02 08:55:13,741 - ERROR - Error in monitor loop: 'AppAutomation' object has no attribute 'handle_app_opened'
2024-11-02 08:55:14,758 - ERROR - Error in monitor loop: 'AppAutomation' object has no attribute 'handle_app_opened'
2024-11-02 08:55:15,767 - ERROR - Error in monitor loop: 'AppAutomation' object has no attribute 'handle_app_opened'
2024-11-02 08:55:16,777 - ERROR - Error in monitor loop: 'AppAutomation' object has no attribute 'handle_app_opened'
2024-11-02 08:55:17,786 - ERROR - Error in monitor loop: 'AppAutomation' object has no attribute 'handle_app_opened'
2024-11-02 08:55:18,796 - ERROR - Error in monitor loop: 'AppAutomation' object has no attribute 'handle_app_opened'
2024-11-02 08:55:19,810 - ERROR - Error in monitor loop: 'AppAutomation' object has no attribute 'handle_app_opened'
2024-11-02 08:55:20,815 - ERROR - Error in monitor loop: 'AppAutomation' object has no attribute 'handle_app_opened'
2024-11-02 08:55:21,820 - ERROR - Error in monitor loop: 'AppAutomation' object has no attribute 'handle_app_opened'
2024-11-02 08:55:22,833 - ERROR - Error in monitor loop: 'AppAutomation' object has no attribute 'handle_app_opened'
2024-11-02 08:55:23,838 - ERROR - Error in monitor loop: 'AppAutomation' object has no attribute 'handle_app_opened'
2024-11-02 08:55:24,845 - ERROR - Error in monitor loop: 'AppAutomation' object has no attribute 'handle_app_opened'
2024-11-02 08:55:25,848 - ERROR - Error in monitor loop: 'AppAutomation' object has no attribute 'handle_app_opened'
2024-11-02 08:55:26,867 - ERROR - Error in monitor loop: 'AppAutomation' object has no attribute 'handle_app_opened'
2024-11-02 08:55:27,871 - ERROR - Error in monitor loop: 'AppAutomation' object has no attribute 'handle_app_opened'
2024-11-02 08:55:28,876 - ERROR - Error in monitor loop: 'AppAutomation' object has no attribute 'handle_app_opened'
2024-11-02 08:55:29,893 - ERROR - Error in monitor loop: 'AppAutomation' object has no attribute 'handle_app_opened'
2024-11-02 08:55:30,909 - ERROR - Error in monitor loop: 'AppAutomation' object has no attribute 'handle_app_opened'
2024-11-02 08:55:31,920 - ERROR - Error in monitor loop: 'AppAutomation' object has no attribute 'handle_app_opened'
2024-11-02 08:55:32,929 - ERROR - Error in monitor loop: 'AppAutomation' object has no attribute 'handle_app_opened'
2024-11-02 08:55:33,943 - ERROR - Error in monitor loop: 'AppAutomation' object has no attribute 'handle_app_opened'
2024-11-02 08:55:34,967 - ERROR - Error in monitor loop: 'AppAutomation' object has no attribute 'handle_app_opened'
2024-11-02 08:55:35,984 - ERROR - Error in monitor loop: 'AppAutomation' object has no attribute 'handle_app_opened'
2024-11-02 08:55:37,004 - ERROR - Error in monitor loop: 'AppAutomation' object has no attribute 'handle_app_opened'
2024-11-02 08:55:38,008 - ERROR - Error in monitor loop: 'AppAutomation' object has no attribute 'handle_app_opened'
2024-11-02 08:55:39,010 - ERROR - Error in monitor loop: 'AppAutomation' object has no attribute 'handle_app_opened'
2024-11-02 08:55:40,036 - ERROR - Error in monitor loop: 'AppAutomation' object has no attribute 'handle_app_opened'
2024-11-02 08:55:41,053 - ERROR - Error in monitor loop: 'AppAutomation' object has no attribute 'handle_app_opened'
2024-11-02 08:56:52,470 - ERROR - Error in monitor loop: 'AppAutomation' object has no attribute 'handle_app_opened'
2024-11-02 08:56:53,600 - ERROR - Error in monitor loop: 'AppAutomation' object has no attribute 'handle_app_opened'
2024-11-02 08:56:54,613 - ERROR - Error in monitor loop: 'AppAutomation' object has no attribute 'handle_app_opened'
2024-11-02 08:56:55,615 - ERROR - Error in monitor loop: 'AppAutomation' object has no attribute 'handle_app_opened'
2024-11-02 08:56:56,625 - ERROR - Error in monitor loop: 'AppAutomation' object has no attribute 'handle_app_opened'
2024-11-02 08:56:57,639 - ERROR - Error in monitor loop: 'AppAutomation' object has no attribute 'handle_app_opened'
2024-11-02 08:56:58,655 - ERROR - Error in monitor loop: 'AppAutomation' object has no attribute 'handle_app_opened'
2024-11-02 08:56:59,669 - ERROR - Error in monitor loop: 'AppAutomation' object has no attribute 'handle_app_opened'
2024-11-02 08:57:00,685 - ERROR - Error in monitor loop: 'AppAutomation' object has no attribute 'handle_app_opened'
2024-11-02 08:57:01,697 - ERROR - Error in monitor loop: 'AppAutomation' object has no attribute 'handle_app_opened'
2024-11-02 08:57:02,713 - ERROR - Error in monitor loop: 'AppAutomation' object has no attribute 'handle_app_opened'
2024-11-02 08:57:03,717 - ERROR - Error in monitor loop: 'AppAutomation' object has no attribute 'handle_app_opened'
2024-11-02 08:57:04,734 - ERROR - Error in monitor loop: 'AppAutomation' object has no attribute 'handle_app_opened'
2024-11-02 08:57:05,737 - ERROR - Error in monitor loop: 'AppAutomation' object has no attribute 'handle_app_opened'
2024-11-02 08:57:06,753 - ERROR - Error in monitor loop: 'AppAutomation' object has no attribute 'handle_app_opened'
2024-11-02 08:57:07,764 - ERROR - Error in monitor loop: 'AppAutomation' object has no attribute 'handle_app_opened'
2024-11-02 08:57:08,775 - ERROR - Error in monitor loop: 'AppAutomation' object has no attribute 'handle_app_opened'
2024-11-02 08:57:09,784 - ERROR - Error in monitor loop: 'AppAutomation' object has no attribute 'handle_app_opened'
2024-11-02 08:57:10,787 - ERROR - Error in monitor loop: 'AppAutomation' object has no attribute 'handle_app_opened'
2024-11-02 08:57:11,792 - ERROR - Error in monitor loop: 'AppAutomation' object has no attribute 'handle_app_opened'
2024-11-02 08:57:12,803 - ERROR - Error in monitor loop: 'AppAutomation' object has no attribute 'handle_app_opened'
2024-11-02 08:57:13,815 - ERROR - Error in monitor loop: 'AppAutomation' object has no attribute 'handle_app_opened'
2024-11-02 08:57:14,820 - ERROR - Error in monitor loop: 'AppAutomation' object has no attribute 'handle_app_opened'
2024-11-02 08:57:15,826 - ERROR - Error in monitor loop: 'AppAutomation' object has no attribute 'handle_app_opened'
2024-11-02 12:54:49,199 - ERROR - Error in monitor loop: 'AppAutomation' object has no attribute 'handle_app_opened'
2024-11-02 12:54:50,215 - ERROR - Error in monitor loop: 'AppAutomation' object has no attribute 'handle_app_opened'
2024-11-02 12:54:51,228 - ERROR - Error in monitor loop: 'AppAutomation' object has no attribute 'handle_app_opened'
2024-11-02 12:54:52,242 - ERROR - Error in monitor loop: 'AppAutomation' object has no attribute 'handle_app_opened'
2024-11-02 12:54:53,248 - ERROR - Error in monitor loop: 'AppAutomation' object has no attribute 'handle_app_opened'
2024-11-02 12:54:54,265 - ERROR - Error in monitor loop: 'AppAutomation' object has no attribute 'handle_app_opened'
2024-11-02 12:54:55,275 - ERROR - Error in monitor loop: 'AppAutomation' object has no attribute 'handle_app_opened'
2024-11-02 12:54:56,289 - ERROR - Error in monitor loop: 'AppAutomation' object has no attribute 'handle_app_opened'
2024-11-02 12:54:57,300 - ERROR - Error in monitor loop: 'AppAutomation' object has no attribute 'handle_app_opened'
2024-11-02 12:54:58,311 - ERROR - Error in monitor loop: 'AppAutomation' object has no attribute 'handle_app_opened'
2024-11-02 12:54:59,325 - ERROR - Error in monitor loop: 'AppAutomation' object has no attribute 'handle_app_opened'
2024-11-02 12:55:00,332 - ERROR - Error in monitor loop: 'AppAutomation' object has no attribute 'handle_app_opened'
2024-11-02 12:55:01,351 - ERROR - Error in monitor loop: 'AppAutomation' object has no attribute 'handle_app_opened'
2024-11-02 12:55:02,356 - ERROR - Error in monitor loop: 'AppAutomation' object has no attribute 'handle_app_opened'
2024-11-02 12:55:03,368 - ERROR - Error in monitor loop: 'AppAutomation' object has no attribute 'handle_app_opened'
2024-11-02 12:55:04,384 - ERROR - Error in monitor loop: 'AppAutomation' object has no attribute 'handle_app_opened'
2024-11-02 12:55:05,397 - ERROR - Error in monitor loop: 'AppAutomation' object has no attribute 'handle_app_opened'
2024-11-02 12:55:06,410 - ERROR - Error in monitor loop: 'AppAutomation' object has no attribute 'handle_app_opened'
2024-11-02 12:55:07,426 - ERROR - Error in monitor loop: 'AppAutomation' object has no attribute 'handle_app_opened'
2024-11-02 12:55:08,434 - ERROR - Error in monitor loop: 'AppAutomation' object has no attribute 'handle_app_opened'
2024-11-02 12:55:09,443 - ERROR - Error in monitor loop: 'AppAutomation' object has no attribute 'handle_app_opened'
2024-11-02 12:55:10,451 - ERROR - Error in monitor loop: 'AppAutomation' object has no attribute 'handle_app_opened'
2024-11-02 12:55:11,471 - ERROR - Error in monitor loop: 'AppAutomation' object has no attribute 'handle_app_opened'
2024-11-02 12:55:12,475 - ERROR - Error in monitor loop: 'AppAutomation' object has no attribute 'handle_app_opened'
2024-11-02 12:55:13,495 - ERROR - Error in monitor loop: 'AppAutomation' object has no attribute 'handle_app_opened'
2024-11-02 12:55:14,500 - ERROR - Error in monitor loop: 'AppAutomation' object has no attribute 'handle_app_opened'
2024-11-02 12:55:15,516 - INFO - Added new event for google chrome : custom
2024-11-02 12:55:15,642 - ERROR - Error in monitor loop: 'AppAutomation' object has no attribute 'handle_app_opened'
2024-11-02 12:55:16,658 - ERROR - Error in monitor loop: 'AppAutomation' object has no attribute 'handle_app_opened'
2024-11-02 12:55:17,673 - ERROR - Error in monitor loop: 'AppAutomation' object has no attribute 'handle_app_opened'
2024-11-02 12:55:18,687 - ERROR - Error in monitor loop: 'AppAutomation' object has no attribute 'handle_app_opened'
2024-11-02 12:55:19,697 - ERROR - Error in monitor loop: 'AppAutomation' object has no attribute 'handle_app_opened'
2024-11-02 12:55:20,713 - ERROR - Error in monitor loop: 'AppAutomation' object has no attribute 'handle_app_opened'
2024-11-02 12:55:21,723 - ERROR - Error in monitor loop: 'AppAutomation' object has no attribute 'handle_app_opened'
2024-11-02 12:55:22,736 - ERROR - Error in monitor loop: 'AppAutomation' object has no attribute 'handle_app_opened'
2024-11-02 12:55:23,745 - ERROR - Error in monitor loop: 'AppAutomation' object has no attribute 'handle_app_opened'
2024-11-02 12:55:24,756 - ERROR - Error in monitor loop: 'AppAutomation' object has no attribute 'handle_app_opened'
2024-11-02 12:55:25,763 - ERROR - Error in monitor loop: 'AppAutomation' object has no attribute 'handle_app_opened'
2024-11-02 12:55:26,776 - ERROR - Error in monitor loop: 'AppAutomation' object has no attribute 'handle_app_opened'
2024-11-02 12:55:27,788 - ERROR - Error in monitor loop: 'AppAutomation' object has no attribute 'handle_app_opened'
2024-11-02 12:55:28,807 - ERROR - Error in monitor loop: 'AppAutomation' object has no attribute 'handle_app_opened'
2024-11-02 12:55:29,817 - ERROR - Error in monitor loop: 'AppAutomation' object has no attribute 'handle_app_opened'
2024-11-02 12:55:30,830 - ERROR - Error in monitor loop: 'AppAutomation' object has no attribute 'handle_app_opened'
2024-11-02 12:55:31,843 - ERROR - Error in monitor loop: 'AppAutomation' object has no attribute 'handle_app_opened'
2024-11-02 12:55:32,854 - ERROR - Error in monitor loop: 'AppAutomation' object has no attribute 'handle_app_opened'
2024-11-02 12:55:33,865 - ERROR - Error in monitor loop: 'AppAutomation' object has no attribute 'handle_app_opened'
2024-11-02 12:55:34,874 - ERROR - Error in monitor loop: 'AppAutomation' object has no attribute 'handle_app_opened'
2024-11-02 12:55:35,883 - ERROR - Error in monitor loop: 'AppAutomation' object has no attribute 'handle_app_opened'
2024-11-02 12:55:36,894 - ERROR - Error in monitor loop: 'AppAutomation' object has no attribute 'handle_app_opened'
2024-11-02 12:55:37,908 - ERROR - Error in monitor loop: 'AppAutomation' object has no attribute 'handle_app_opened'
2024-11-02 12:55:38,939 - ERROR - Error in monitor loop: 'AppAutomation' object has no attribute 'handle_app_opened'
2024-11-02 12:55:39,942 - ERROR - Error in monitor loop: 'AppAutomation' object has no attribute 'handle_app_opened'
2024-11-02 12:55:40,956 - ERROR - Error in monitor loop: 'AppAutomation' object has no attribute 'handle_app_opened'
2024-11-02 12:55:41,972 - ERROR - Error in monitor loop: 'AppAutomation' object has no attribute 'handle_app_opened'
2024-11-02 12:55:42,982 - ERROR - Error in monitor loop: 'AppAutomation' object has no attribute 'handle_app_opened'
2024-11-02 12:55:43,992 - ERROR - Error in monitor loop: 'AppAutomation' object has no attribute 'handle_app_opened'
2024-11-02 12:55:45,003 - ERROR - Error in monitor loop: 'AppAutomation' object has no attribute 'handle_app_opened'
2024-11-02 12:55:46,017 - ERROR - Error in monitor loop: 'AppAutomation' object has no attribute 'handle_app_opened'
2024-11-02 12:55:47,060 - ERROR - Error in monitor loop: 'AppAutomation' object has no attribute 'handle_app_opened'
2024-11-02 12:55:48,069 - ERROR - Error in monitor loop: 'AppAutomation' object has no attribute 'handle_app_opened'
2024-11-02 12:55:49,078 - ERROR - Error in monitor loop: 'AppAutomation' object has no attribute 'handle_app_opened'
2024-11-02 12:55:50,093 - ERROR - Error in monitor loop: 'AppAutomation' object has no attribute 'handle_app_opened'
2024-11-02 12:55:51,102 - ERROR - Error in monitor loop: 'AppAutomation' object has no attribute 'handle_app_opened'
2024-11-02 12:55:52,113 - ERROR - Error in monitor loop: 'AppAutomation' object has no attribute 'handle_app_opened'
2024-11-02 12:55:53,124 - ERROR - Error in monitor loop: 'AppAutomation' object has no attribute 'handle_app_opened'
2024-11-02 12:55:54,131 - ERROR - Error in monitor loop: 'AppAutomation' object has no attribute 'handle_app_opened'
2024-11-02 12:55:55,149 - ERROR - Error in monitor loop: 'AppAutomation' object has no attribute 'handle_app_opened'
2024-11-02 12:55:56,160 - ERROR - Error in monitor loop: 'AppAutomation' object has no attribute 'handle_app_opened'
2024-11-02 12:55:57,167 - ERROR - Error in monitor loop: 'AppAutomation' object has no attribute 'handle_app_opened'
2024-11-02 12:55:58,179 - ERROR - Error in monitor loop: 'AppAutomation' object has no attribute 'handle_app_opened'
2024-11-02 12:55:58,657 - INFO - Added new event for ll;de: custom
2024-11-02 12:55:59,197 - ERROR - Error in monitor loop: 'AppAutomation' object has no attribute 'handle_app_opened'
2024-11-02 12:56:00,210 - ERROR - Error in monitor loop: 'AppAutomation' object has no attribute 'handle_app_opened'
2024-11-02 12:56:01,225 - ERROR - Error in monitor loop: 'AppAutomation' object has no attribute 'handle_app_opened'
2024-11-02 12:56:02,228 - ERROR - Error in monitor loop: 'AppAutomation' object has no attribute 'handle_app_opened'
2024-11-02 12:56:03,239 - ERROR - Error in monitor loop: 'AppAutomation' object has no attribute 'handle_app_opened'
2024-11-02 12:56:04,249 - ERROR - Error in monitor loop: 'AppAutomation' object has no attribute 'handle_app_opened'
2024-11-02 12:56:05,251 - ERROR - Error in monitor loop: 'AppAutomation' object has no attribute 'handle_app_opened'
2024-11-02 12:56:06,279 - ERROR - Error in monitor loop: 'AppAutomation' object has no attribute 'handle_app_opened'
2024-11-02 12:56:07,291 - ERROR - Error in monitor loop: 'AppAutomation' object has no attribute 'handle_app_opened'
2024-11-02 12:56:08,302 - ERROR - Error in monitor loop: 'AppAutomation' object has no attribute 'handle_app_opened'
2024-11-02 12:56:09,323 - ERROR - Error in monitor loop: 'AppAutomation' object has no attribute 'handle_app_opened'
2024-11-02 12:56:10,334 - ERROR - Error in monitor loop: 'AppAutomation' object has no attribute 'handle_app_opened'
2024-11-02 12:56:11,345 - ERROR - Error in monitor loop: 'AppAutomation' object has no attribute 'handle_app_opened'
2024-11-02 12:56:12,359 - ERROR - Error in monitor loop: 'AppAutomation' object has no attribute 'handle_app_opened'
2024-11-02 12:56:13,375 - ERROR - Error in monitor loop: 'AppAutomation' object has no attribute 'handle_app_opened'
2024-11-02 12:56:14,391 - ERROR - Error in monitor loop: 'AppAutomation' object has no attribute 'handle_app_opened'
2024-11-02 12:56:15,408 - ERROR - Error in monitor loop: 'AppAutomation' object has no attribute 'handle_app_opened'
2024-11-02 12:56:16,420 - ERROR - Error in monitor loop: 'AppAutomation' object has no attribute 'handle_app_opened'
2024-11-02 12:56:17,428 - ERROR - Error in monitor loop: 'AppAutomation' object has no attribute 'handle_app_opened'
2024-11-02 12:57:06,451 - INFO - Added new event for sdsds: custom
2024-11-03 08:28:19,628 - ERROR - Error in monitor loop: 'AppAutomation' object has no attribute 'handle_app_opened'
2024-11-03 08:28:20,646 - ERROR - Error in monitor loop: 'AppAutomation' object has no attribute 'handle_app_opened'
2024-11-03 08:28:21,660 - ERROR - Error in monitor loop: 'AppAutomation' object has no attribute 'handle_app_opened'
2024-11-03 08:28:22,681 - ERROR - Error in monitor loop: 'AppAutomation' object has no attribute 'handle_app_opened'
2024-11-03 08:28:23,692 - ERROR - Error in monitor loop: 'AppAutomation' object has no attribute 'handle_app_opened'
2024-11-03 08:28:24,713 - ERROR - Error in monitor loop: 'AppAutomation' object has no attribute 'handle_app_opened'
2024-11-03 08:28:25,721 - ERROR - Error in monitor loop: 'AppAutomation' object has no attribute 'handle_app_opened'
2024-11-03 08:28:26,746 - ERROR - Error in monitor loop: 'AppAutomation' object has no attribute 'handle_app_opened'
2024-11-03 08:28:27,757 - ERROR - Error in monitor loop: 'AppAutomation' object has no attribute 'handle_app_opened'
2024-11-03 08:28:28,764 - ERROR - Error in monitor loop: 'AppAutomation' object has no attribute 'handle_app_opened'
